INFO - 2024-10-14 16:06:57 --> Session: Class initialized using 'CodeIgniter\Session\Handlers\FileHandler' driver.
INFO - 2024-10-14 17:10:29 --> Session: Class initialized using 'CodeIgniter\Session\Handlers\FileHandler' driver.
INFO - 2024-10-14 18:39:50 --> Session: Class initialized using 'CodeIgniter\Session\Handlers\FileHandler' driver.
INFO - 2024-10-14 18:39:54 --> Session: Class initialized using 'CodeIgniter\Session\Handlers\FileHandler' driver.
INFO - 2024-10-14 18:39:59 --> Session: Class initialized using 'CodeIgniter\Session\Handlers\FileHandler' driver.
INFO - 2024-10-14 18:40:06 --> Session: Class initialized using 'CodeIgniter\Session\Handlers\FileHandler' driver.
INFO - 2024-10-14 18:40:13 --> Session: Class initialized using 'CodeIgniter\Session\Handlers\FileHandler' driver.
INFO - 2024-10-14 18:40:14 --> Session: Class initialized using 'CodeIgniter\Session\Handlers\FileHandler' driver.
INFO - 2024-10-14 18:40:15 --> Session: Class initialized using 'CodeIgniter\Session\Handlers\FileHandler' driver.
INFO - 2024-10-14 18:40:26 --> Session: Class initialized using 'CodeIgniter\Session\Handlers\FileHandler' driver.
INFO - 2024-10-14 18:41:00 --> Session: Class initialized using 'CodeIgniter\Session\Handlers\FileHandler' driver.
INFO - 2024-10-14 18:41:00 --> Session: Class initialized using 'CodeIgniter\Session\Handlers\FileHandler' driver.
INFO - 2024-10-14 18:41:02 --> Session: Class initialized using 'CodeIgniter\Session\Handlers\FileHandler' driver.
INFO - 2024-10-14 18:41:34 --> Session: Class initialized using 'CodeIgniter\Session\Handlers\FileHandler' driver.
INFO - 2024-10-14 18:41:34 --> Session: Class initialized using 'CodeIgniter\Session\Handlers\FileHandler' driver.
INFO - 2024-10-14 18:41:44 --> Session: Class initialized using 'CodeIgniter\Session\Handlers\FileHandler' driver.
INFO - 2024-10-14 18:41:44 --> Session: Class initialized using 'CodeIgniter\Session\Handlers\FileHandler' driver.
INFO - 2024-10-14 18:41:47 --> Session: Class initialized using 'CodeIgniter\Session\Handlers\FileHandler' driver.
WARNING - 2024-10-14 18:41:47 --> [DEPRECATED] explode(): Passing null to parameter #2 ($string) of type string is deprecated in APPPATH/Controllers/Inventary.php on line 95.
 1 APPPATH/Controllers/Inventary.php(95): explode(' ', null)
 2 SYSTEMPATH/CodeIgniter.php(933): App\Controllers\Inventary->SearchItemList()
 3 SYSTEMPATH/CodeIgniter.php(509): CodeIgniter\CodeIgniter->runController(Object(App\Controllers\Inventary))
 4 SYSTEMPATH/CodeIgniter.php(355): CodeIgniter\CodeIgniter->handleRequest(null, Object(Config\Cache), false)
 5 SYSTEMPATH/Boot.php(312): CodeIgniter\CodeIgniter->run()
 6 SYSTEMPATH/Boot.php(67): CodeIgniter\Boot::runCodeIgniter(Object(CodeIgniter\CodeIgniter))
 7 FCPATH/index.php(56): CodeIgniter\Boot::bootWeb(Object(Config\Paths))
INFO - 2024-10-14 18:42:06 --> Session: Class initialized using 'CodeIgniter\Session\Handlers\FileHandler' driver.
INFO - 2024-10-14 18:42:06 --> Session: Class initialized using 'CodeIgniter\Session\Handlers\FileHandler' driver.
INFO - 2024-10-14 18:43:03 --> Session: Class initialized using 'CodeIgniter\Session\Handlers\FileHandler' driver.
INFO - 2024-10-14 18:43:03 --> Session: Class initialized using 'CodeIgniter\Session\Handlers\FileHandler' driver.
INFO - 2024-10-14 18:43:03 --> Session: Class initialized using 'CodeIgniter\Session\Handlers\FileHandler' driver.
INFO - 2024-10-14 18:43:07 --> Session: Class initialized using 'CodeIgniter\Session\Handlers\FileHandler' driver.
WARNING - 2024-10-14 18:43:07 --> [DEPRECATED] explode(): Passing null to parameter #2 ($string) of type string is deprecated in APPPATH/Controllers/Inventary.php on line 95.
 1 APPPATH/Controllers/Inventary.php(95): explode(' ', null)
 2 SYSTEMPATH/CodeIgniter.php(933): App\Controllers\Inventary->SearchItemList()
 3 SYSTEMPATH/CodeIgniter.php(509): CodeIgniter\CodeIgniter->runController(Object(App\Controllers\Inventary))
 4 SYSTEMPATH/CodeIgniter.php(355): CodeIgniter\CodeIgniter->handleRequest(null, Object(Config\Cache), false)
 5 SYSTEMPATH/Boot.php(312): CodeIgniter\CodeIgniter->run()
 6 SYSTEMPATH/Boot.php(67): CodeIgniter\Boot::runCodeIgniter(Object(CodeIgniter\CodeIgniter))
 7 FCPATH/index.php(56): CodeIgniter\Boot::bootWeb(Object(Config\Paths))
INFO - 2024-10-14 18:43:19 --> Session: Class initialized using 'CodeIgniter\Session\Handlers\FileHandler' driver.
INFO - 2024-10-14 18:43:19 --> Session: Class initialized using 'CodeIgniter\Session\Handlers\FileHandler' driver.
INFO - 2024-10-14 18:43:33 --> Session: Class initialized using 'CodeIgniter\Session\Handlers\FileHandler' driver.
INFO - 2024-10-14 18:43:37 --> Session: Class initialized using 'CodeIgniter\Session\Handlers\FileHandler' driver.
INFO - 2024-10-14 18:43:48 --> Session: Class initialized using 'CodeIgniter\Session\Handlers\FileHandler' driver.
INFO - 2024-10-14 18:43:49 --> Session: Class initialized using 'CodeIgniter\Session\Handlers\FileHandler' driver.
INFO - 2024-10-14 18:43:57 --> Session: Class initialized using 'CodeIgniter\Session\Handlers\FileHandler' driver.
INFO - 2024-10-14 18:43:57 --> Session: Class initialized using 'CodeIgniter\Session\Handlers\FileHandler' driver.
INFO - 2024-10-14 18:43:59 --> Session: Class initialized using 'CodeIgniter\Session\Handlers\FileHandler' driver.
WARNING - 2024-10-14 18:43:59 --> [DEPRECATED] explode(): Passing null to parameter #2 ($string) of type string is deprecated in APPPATH/Controllers/Inventary.php on line 889.
 1 APPPATH/Controllers/Inventary.php(889): explode(' ', null)
 2 SYSTEMPATH/CodeIgniter.php(933): App\Controllers\Inventary->ProcessList()
 3 SYSTEMPATH/CodeIgniter.php(509): CodeIgniter\CodeIgniter->runController(Object(App\Controllers\Inventary))
 4 SYSTEMPATH/CodeIgniter.php(355): CodeIgniter\CodeIgniter->handleRequest(null, Object(Config\Cache), false)
 5 SYSTEMPATH/Boot.php(312): CodeIgniter\CodeIgniter->run()
 6 SYSTEMPATH/Boot.php(67): CodeIgniter\Boot::runCodeIgniter(Object(CodeIgniter\CodeIgniter))
 7 FCPATH/index.php(56): CodeIgniter\Boot::bootWeb(Object(Config\Paths))
INFO - 2024-10-14 18:44:04 --> Session: Class initialized using 'CodeIgniter\Session\Handlers\FileHandler' driver.
WARNING - 2024-10-14 18:44:04 --> [DEPRECATED] explode(): Passing null to parameter #2 ($string) of type string is deprecated in APPPATH/Controllers/Inventary.php on line 95.
 1 APPPATH/Controllers/Inventary.php(95): explode(' ', null)
 2 SYSTEMPATH/CodeIgniter.php(933): App\Controllers\Inventary->SearchItemList()
 3 SYSTEMPATH/CodeIgniter.php(509): CodeIgniter\CodeIgniter->runController(Object(App\Controllers\Inventary))
 4 SYSTEMPATH/CodeIgniter.php(355): CodeIgniter\CodeIgniter->handleRequest(null, Object(Config\Cache), false)
 5 SYSTEMPATH/Boot.php(312): CodeIgniter\CodeIgniter->run()
 6 SYSTEMPATH/Boot.php(67): CodeIgniter\Boot::runCodeIgniter(Object(CodeIgniter\CodeIgniter))
 7 FCPATH/index.php(56): CodeIgniter\Boot::bootWeb(Object(Config\Paths))
INFO - 2024-10-14 18:44:21 --> Session: Class initialized using 'CodeIgniter\Session\Handlers\FileHandler' driver.
INFO - 2024-10-14 18:44:29 --> Session: Class initialized using 'CodeIgniter\Session\Handlers\FileHandler' driver.
INFO - 2024-10-14 18:44:30 --> Session: Class initialized using 'CodeIgniter\Session\Handlers\FileHandler' driver.
INFO - 2024-10-14 18:44:39 --> Session: Class initialized using 'CodeIgniter\Session\Handlers\FileHandler' driver.
INFO - 2024-10-14 18:45:52 --> Session: Class initialized using 'CodeIgniter\Session\Handlers\FileHandler' driver.
ERROR - 2024-10-14 18:45:52 --> mysqli_sql_exception: Unknown column 'depreActual' in 'field list' in /var/www/vhosts/fma.mycloudinfo.com/httpdocs/fma/system/Database/MySQLi/Connection.php:308
Stack trace:
#0 /var/www/vhosts/fma.mycloudinfo.com/httpdocs/fma/system/Database/MySQLi/Connection.php(308): mysqli->query()
#1 /var/www/vhosts/fma.mycloudinfo.com/httpdocs/fma/system/Database/BaseConnection.php(722): CodeIgniter\Database\MySQLi\Connection->execute()
#2 /var/www/vhosts/fma.mycloudinfo.com/httpdocs/fma/system/Database/BaseConnection.php(636): CodeIgniter\Database\BaseConnection->simpleQuery()
#3 /var/www/vhosts/fma.mycloudinfo.com/httpdocs/fma/system/Database/BaseBuilder.php(2497): CodeIgniter\Database\BaseConnection->query()
#4 /var/www/vhosts/fma.mycloudinfo.com/httpdocs/fma/system/Model.php(450): CodeIgniter\Database\BaseBuilder->update()
#5 /var/www/vhosts/fma.mycloudinfo.com/httpdocs/fma/system/BaseModel.php(1028): CodeIgniter\Model->doUpdate()
#6 /var/www/vhosts/fma.mycloudinfo.com/httpdocs/fma/system/Model.php(854): CodeIgniter\BaseModel->update()
#7 /var/www/vhosts/fma.mycloudinfo.com/httpdocs/fma/app/Controllers/Activo.php(285): CodeIgniter\Model->update()
#8 /var/www/vhosts/fma.mycloudinfo.com/httpdocs/fma/system/CodeIgniter.php(933): App\Controllers\Activo->SetCoordenadas()
#9 /var/www/vhosts/fma.mycloudinfo.com/httpdocs/fma/system/CodeIgniter.php(509): CodeIgniter\CodeIgniter->runController()
#10 /var/www/vhosts/fma.mycloudinfo.com/httpdocs/fma/system/CodeIgniter.php(355): CodeIgniter\CodeIgniter->handleRequest()
#11 /var/www/vhosts/fma.mycloudinfo.com/httpdocs/fma/system/Boot.php(312): CodeIgniter\CodeIgniter->run()
#12 /var/www/vhosts/fma.mycloudinfo.com/httpdocs/fma/system/Boot.php(67): CodeIgniter\Boot::runCodeIgniter()
#13 /var/www/vhosts/fma.mycloudinfo.com/httpdocs/fma/public/index.php(56): CodeIgniter\Boot::bootWeb()
#14 {main}
CRITICAL - 2024-10-14 18:45:52 --> CodeIgniter\Database\Exceptions\DatabaseException: Unknown column 'depreActual' in 'field list'
[Method: POST, Route: activos/setGeo]
in SYSTEMPATH/Database/BaseConnection.php on line 676.
 1 SYSTEMPATH/Database/BaseBuilder.php(2497): CodeIgniter\Database\BaseConnection->query()
 2 SYSTEMPATH/Model.php(450): CodeIgniter\Database\BaseBuilder->update()
 3 SYSTEMPATH/BaseModel.php(1028): CodeIgniter\Model->doUpdate()
 4 SYSTEMPATH/Model.php(854): CodeIgniter\BaseModel->update()
 5 APPPATH/Controllers/Activo.php(285): CodeIgniter\Model->update()
 6 SYSTEMPATH/CodeIgniter.php(933): App\Controllers\Activo->SetCoordenadas()
 7 SYSTEMPATH/CodeIgniter.php(509): CodeIgniter\CodeIgniter->runController()
 8 SYSTEMPATH/CodeIgniter.php(355): CodeIgniter\CodeIgniter->handleRequest()
 9 SYSTEMPATH/Boot.php(312): CodeIgniter\CodeIgniter->run()
10 SYSTEMPATH/Boot.php(67): CodeIgniter\Boot::runCodeIgniter()
11 FCPATH/index.php(56): CodeIgniter\Boot::bootWeb()
CRITICAL - 2024-10-14 18:45:52 --> [Caused by] CodeIgniter\Database\Exceptions\DatabaseException: Unknown column 'depreActual' in 'field list'
in SYSTEMPATH/Database/MySQLi/Connection.php on line 313.
 1 SYSTEMPATH/Database/BaseConnection.php(722): CodeIgniter\Database\MySQLi\Connection->execute()
 2 SYSTEMPATH/Database/BaseConnection.php(636): CodeIgniter\Database\BaseConnection->simpleQuery()
 3 SYSTEMPATH/Database/BaseBuilder.php(2497): CodeIgniter\Database\BaseConnection->query()
 4 SYSTEMPATH/Model.php(450): CodeIgniter\Database\BaseBuilder->update()
 5 SYSTEMPATH/BaseModel.php(1028): CodeIgniter\Model->doUpdate()
 6 SYSTEMPATH/Model.php(854): CodeIgniter\BaseModel->update()
 7 APPPATH/Controllers/Activo.php(285): CodeIgniter\Model->update()
 8 SYSTEMPATH/CodeIgniter.php(933): App\Controllers\Activo->SetCoordenadas()
 9 SYSTEMPATH/CodeIgniter.php(509): CodeIgniter\CodeIgniter->runController()
10 SYSTEMPATH/CodeIgniter.php(355): CodeIgniter\CodeIgniter->handleRequest()
11 SYSTEMPATH/Boot.php(312): CodeIgniter\CodeIgniter->run()
12 SYSTEMPATH/Boot.php(67): CodeIgniter\Boot::runCodeIgniter()
13 FCPATH/index.php(56): CodeIgniter\Boot::bootWeb()
CRITICAL - 2024-10-14 18:45:52 --> [Caused by] mysqli_sql_exception: Unknown column 'depreActual' in 'field list'
in SYSTEMPATH/Database/MySQLi/Connection.php on line 308.
 1 SYSTEMPATH/Database/MySQLi/Connection.php(308): mysqli->query()
 2 SYSTEMPATH/Database/BaseConnection.php(722): CodeIgniter\Database\MySQLi\Connection->execute()
 3 SYSTEMPATH/Database/BaseConnection.php(636): CodeIgniter\Database\BaseConnection->simpleQuery()
 4 SYSTEMPATH/Database/BaseBuilder.php(2497): CodeIgniter\Database\BaseConnection->query()
 5 SYSTEMPATH/Model.php(450): CodeIgniter\Database\BaseBuilder->update()
 6 SYSTEMPATH/BaseModel.php(1028): CodeIgniter\Model->doUpdate()
 7 SYSTEMPATH/Model.php(854): CodeIgniter\BaseModel->update()
 8 APPPATH/Controllers/Activo.php(285): CodeIgniter\Model->update()
 9 SYSTEMPATH/CodeIgniter.php(933): App\Controllers\Activo->SetCoordenadas()
10 SYSTEMPATH/CodeIgniter.php(509): CodeIgniter\CodeIgniter->runController()
11 SYSTEMPATH/CodeIgniter.php(355): CodeIgniter\CodeIgniter->handleRequest()
12 SYSTEMPATH/Boot.php(312): CodeIgniter\CodeIgniter->run()
13 SYSTEMPATH/Boot.php(67): CodeIgniter\Boot::runCodeIgniter()
14 FCPATH/index.php(56): CodeIgniter\Boot::bootWeb()
INFO - 2024-10-14 18:45:59 --> Session: Class initialized using 'CodeIgniter\Session\Handlers\FileHandler' driver.
ERROR - 2024-10-14 18:45:59 --> mysqli_sql_exception: Unknown column 'depreActual' in 'field list' in /var/www/vhosts/fma.mycloudinfo.com/httpdocs/fma/system/Database/MySQLi/Connection.php:308
Stack trace:
#0 /var/www/vhosts/fma.mycloudinfo.com/httpdocs/fma/system/Database/MySQLi/Connection.php(308): mysqli->query()
#1 /var/www/vhosts/fma.mycloudinfo.com/httpdocs/fma/system/Database/BaseConnection.php(722): CodeIgniter\Database\MySQLi\Connection->execute()
#2 /var/www/vhosts/fma.mycloudinfo.com/httpdocs/fma/system/Database/BaseConnection.php(636): CodeIgniter\Database\BaseConnection->simpleQuery()
#3 /var/www/vhosts/fma.mycloudinfo.com/httpdocs/fma/system/Database/BaseBuilder.php(2497): CodeIgniter\Database\BaseConnection->query()
#4 /var/www/vhosts/fma.mycloudinfo.com/httpdocs/fma/system/Model.php(450): CodeIgniter\Database\BaseBuilder->update()
#5 /var/www/vhosts/fma.mycloudinfo.com/httpdocs/fma/system/BaseModel.php(1028): CodeIgniter\Model->doUpdate()
#6 /var/www/vhosts/fma.mycloudinfo.com/httpdocs/fma/system/Model.php(854): CodeIgniter\BaseModel->update()
#7 /var/www/vhosts/fma.mycloudinfo.com/httpdocs/fma/app/Controllers/Activo.php(285): CodeIgniter\Model->update()
#8 /var/www/vhosts/fma.mycloudinfo.com/httpdocs/fma/system/CodeIgniter.php(933): App\Controllers\Activo->SetCoordenadas()
#9 /var/www/vhosts/fma.mycloudinfo.com/httpdocs/fma/system/CodeIgniter.php(509): CodeIgniter\CodeIgniter->runController()
#10 /var/www/vhosts/fma.mycloudinfo.com/httpdocs/fma/system/CodeIgniter.php(355): CodeIgniter\CodeIgniter->handleRequest()
#11 /var/www/vhosts/fma.mycloudinfo.com/httpdocs/fma/system/Boot.php(312): CodeIgniter\CodeIgniter->run()
#12 /var/www/vhosts/fma.mycloudinfo.com/httpdocs/fma/system/Boot.php(67): CodeIgniter\Boot::runCodeIgniter()
#13 /var/www/vhosts/fma.mycloudinfo.com/httpdocs/fma/public/index.php(56): CodeIgniter\Boot::bootWeb()
#14 {main}
CRITICAL - 2024-10-14 18:45:59 --> CodeIgniter\Database\Exceptions\DatabaseException: Unknown column 'depreActual' in 'field list'
[Method: POST, Route: activos/setGeo]
in SYSTEMPATH/Database/BaseConnection.php on line 676.
 1 SYSTEMPATH/Database/BaseBuilder.php(2497): CodeIgniter\Database\BaseConnection->query()
 2 SYSTEMPATH/Model.php(450): CodeIgniter\Database\BaseBuilder->update()
 3 SYSTEMPATH/BaseModel.php(1028): CodeIgniter\Model->doUpdate()
 4 SYSTEMPATH/Model.php(854): CodeIgniter\BaseModel->update()
 5 APPPATH/Controllers/Activo.php(285): CodeIgniter\Model->update()
 6 SYSTEMPATH/CodeIgniter.php(933): App\Controllers\Activo->SetCoordenadas()
 7 SYSTEMPATH/CodeIgniter.php(509): CodeIgniter\CodeIgniter->runController()
 8 SYSTEMPATH/CodeIgniter.php(355): CodeIgniter\CodeIgniter->handleRequest()
 9 SYSTEMPATH/Boot.php(312): CodeIgniter\CodeIgniter->run()
10 SYSTEMPATH/Boot.php(67): CodeIgniter\Boot::runCodeIgniter()
11 FCPATH/index.php(56): CodeIgniter\Boot::bootWeb()
CRITICAL - 2024-10-14 18:45:59 --> [Caused by] CodeIgniter\Database\Exceptions\DatabaseException: Unknown column 'depreActual' in 'field list'
in SYSTEMPATH/Database/MySQLi/Connection.php on line 313.
 1 SYSTEMPATH/Database/BaseConnection.php(722): CodeIgniter\Database\MySQLi\Connection->execute()
 2 SYSTEMPATH/Database/BaseConnection.php(636): CodeIgniter\Database\BaseConnection->simpleQuery()
 3 SYSTEMPATH/Database/BaseBuilder.php(2497): CodeIgniter\Database\BaseConnection->query()
 4 SYSTEMPATH/Model.php(450): CodeIgniter\Database\BaseBuilder->update()
 5 SYSTEMPATH/BaseModel.php(1028): CodeIgniter\Model->doUpdate()
 6 SYSTEMPATH/Model.php(854): CodeIgniter\BaseModel->update()
 7 APPPATH/Controllers/Activo.php(285): CodeIgniter\Model->update()
 8 SYSTEMPATH/CodeIgniter.php(933): App\Controllers\Activo->SetCoordenadas()
 9 SYSTEMPATH/CodeIgniter.php(509): CodeIgniter\CodeIgniter->runController()
10 SYSTEMPATH/CodeIgniter.php(355): CodeIgniter\CodeIgniter->handleRequest()
11 SYSTEMPATH/Boot.php(312): CodeIgniter\CodeIgniter->run()
12 SYSTEMPATH/Boot.php(67): CodeIgniter\Boot::runCodeIgniter()
13 FCPATH/index.php(56): CodeIgniter\Boot::bootWeb()
CRITICAL - 2024-10-14 18:45:59 --> [Caused by] mysqli_sql_exception: Unknown column 'depreActual' in 'field list'
in SYSTEMPATH/Database/MySQLi/Connection.php on line 308.
 1 SYSTEMPATH/Database/MySQLi/Connection.php(308): mysqli->query()
 2 SYSTEMPATH/Database/BaseConnection.php(722): CodeIgniter\Database\MySQLi\Connection->execute()
 3 SYSTEMPATH/Database/BaseConnection.php(636): CodeIgniter\Database\BaseConnection->simpleQuery()
 4 SYSTEMPATH/Database/BaseBuilder.php(2497): CodeIgniter\Database\BaseConnection->query()
 5 SYSTEMPATH/Model.php(450): CodeIgniter\Database\BaseBuilder->update()
 6 SYSTEMPATH/BaseModel.php(1028): CodeIgniter\Model->doUpdate()
 7 SYSTEMPATH/Model.php(854): CodeIgniter\BaseModel->update()
 8 APPPATH/Controllers/Activo.php(285): CodeIgniter\Model->update()
 9 SYSTEMPATH/CodeIgniter.php(933): App\Controllers\Activo->SetCoordenadas()
10 SYSTEMPATH/CodeIgniter.php(509): CodeIgniter\CodeIgniter->runController()
11 SYSTEMPATH/CodeIgniter.php(355): CodeIgniter\CodeIgniter->handleRequest()
12 SYSTEMPATH/Boot.php(312): CodeIgniter\CodeIgniter->run()
13 SYSTEMPATH/Boot.php(67): CodeIgniter\Boot::runCodeIgniter()
14 FCPATH/index.php(56): CodeIgniter\Boot::bootWeb()
INFO - 2024-10-14 18:46:16 --> Session: Class initialized using 'CodeIgniter\Session\Handlers\FileHandler' driver.
ERROR - 2024-10-14 18:46:16 --> mysqli_sql_exception: Unknown column 'depreActual' in 'field list' in /var/www/vhosts/fma.mycloudinfo.com/httpdocs/fma/system/Database/MySQLi/Connection.php:308
Stack trace:
#0 /var/www/vhosts/fma.mycloudinfo.com/httpdocs/fma/system/Database/MySQLi/Connection.php(308): mysqli->query()
#1 /var/www/vhosts/fma.mycloudinfo.com/httpdocs/fma/system/Database/BaseConnection.php(722): CodeIgniter\Database\MySQLi\Connection->execute()
#2 /var/www/vhosts/fma.mycloudinfo.com/httpdocs/fma/system/Database/BaseConnection.php(636): CodeIgniter\Database\BaseConnection->simpleQuery()
#3 /var/www/vhosts/fma.mycloudinfo.com/httpdocs/fma/system/Database/BaseBuilder.php(2497): CodeIgniter\Database\BaseConnection->query()
#4 /var/www/vhosts/fma.mycloudinfo.com/httpdocs/fma/system/Model.php(450): CodeIgniter\Database\BaseBuilder->update()
#5 /var/www/vhosts/fma.mycloudinfo.com/httpdocs/fma/system/BaseModel.php(1028): CodeIgniter\Model->doUpdate()
#6 /var/www/vhosts/fma.mycloudinfo.com/httpdocs/fma/system/Model.php(854): CodeIgniter\BaseModel->update()
#7 /var/www/vhosts/fma.mycloudinfo.com/httpdocs/fma/app/Controllers/Activo.php(285): CodeIgniter\Model->update()
#8 /var/www/vhosts/fma.mycloudinfo.com/httpdocs/fma/system/CodeIgniter.php(933): App\Controllers\Activo->SetCoordenadas()
#9 /var/www/vhosts/fma.mycloudinfo.com/httpdocs/fma/system/CodeIgniter.php(509): CodeIgniter\CodeIgniter->runController()
#10 /var/www/vhosts/fma.mycloudinfo.com/httpdocs/fma/system/CodeIgniter.php(355): CodeIgniter\CodeIgniter->handleRequest()
#11 /var/www/vhosts/fma.mycloudinfo.com/httpdocs/fma/system/Boot.php(312): CodeIgniter\CodeIgniter->run()
#12 /var/www/vhosts/fma.mycloudinfo.com/httpdocs/fma/system/Boot.php(67): CodeIgniter\Boot::runCodeIgniter()
#13 /var/www/vhosts/fma.mycloudinfo.com/httpdocs/fma/public/index.php(56): CodeIgniter\Boot::bootWeb()
#14 {main}
CRITICAL - 2024-10-14 18:46:16 --> CodeIgniter\Database\Exceptions\DatabaseException: Unknown column 'depreActual' in 'field list'
[Method: POST, Route: activos/setGeo]
in SYSTEMPATH/Database/BaseConnection.php on line 676.
 1 SYSTEMPATH/Database/BaseBuilder.php(2497): CodeIgniter\Database\BaseConnection->query()
 2 SYSTEMPATH/Model.php(450): CodeIgniter\Database\BaseBuilder->update()
 3 SYSTEMPATH/BaseModel.php(1028): CodeIgniter\Model->doUpdate()
 4 SYSTEMPATH/Model.php(854): CodeIgniter\BaseModel->update()
 5 APPPATH/Controllers/Activo.php(285): CodeIgniter\Model->update()
 6 SYSTEMPATH/CodeIgniter.php(933): App\Controllers\Activo->SetCoordenadas()
 7 SYSTEMPATH/CodeIgniter.php(509): CodeIgniter\CodeIgniter->runController()
 8 SYSTEMPATH/CodeIgniter.php(355): CodeIgniter\CodeIgniter->handleRequest()
 9 SYSTEMPATH/Boot.php(312): CodeIgniter\CodeIgniter->run()
10 SYSTEMPATH/Boot.php(67): CodeIgniter\Boot::runCodeIgniter()
11 FCPATH/index.php(56): CodeIgniter\Boot::bootWeb()
CRITICAL - 2024-10-14 18:46:16 --> [Caused by] CodeIgniter\Database\Exceptions\DatabaseException: Unknown column 'depreActual' in 'field list'
in SYSTEMPATH/Database/MySQLi/Connection.php on line 313.
 1 SYSTEMPATH/Database/BaseConnection.php(722): CodeIgniter\Database\MySQLi\Connection->execute()
 2 SYSTEMPATH/Database/BaseConnection.php(636): CodeIgniter\Database\BaseConnection->simpleQuery()
 3 SYSTEMPATH/Database/BaseBuilder.php(2497): CodeIgniter\Database\BaseConnection->query()
 4 SYSTEMPATH/Model.php(450): CodeIgniter\Database\BaseBuilder->update()
 5 SYSTEMPATH/BaseModel.php(1028): CodeIgniter\Model->doUpdate()
 6 SYSTEMPATH/Model.php(854): CodeIgniter\BaseModel->update()
 7 APPPATH/Controllers/Activo.php(285): CodeIgniter\Model->update()
 8 SYSTEMPATH/CodeIgniter.php(933): App\Controllers\Activo->SetCoordenadas()
 9 SYSTEMPATH/CodeIgniter.php(509): CodeIgniter\CodeIgniter->runController()
10 SYSTEMPATH/CodeIgniter.php(355): CodeIgniter\CodeIgniter->handleRequest()
11 SYSTEMPATH/Boot.php(312): CodeIgniter\CodeIgniter->run()
12 SYSTEMPATH/Boot.php(67): CodeIgniter\Boot::runCodeIgniter()
13 FCPATH/index.php(56): CodeIgniter\Boot::bootWeb()
CRITICAL - 2024-10-14 18:46:16 --> [Caused by] mysqli_sql_exception: Unknown column 'depreActual' in 'field list'
in SYSTEMPATH/Database/MySQLi/Connection.php on line 308.
 1 SYSTEMPATH/Database/MySQLi/Connection.php(308): mysqli->query()
 2 SYSTEMPATH/Database/BaseConnection.php(722): CodeIgniter\Database\MySQLi\Connection->execute()
 3 SYSTEMPATH/Database/BaseConnection.php(636): CodeIgniter\Database\BaseConnection->simpleQuery()
 4 SYSTEMPATH/Database/BaseBuilder.php(2497): CodeIgniter\Database\BaseConnection->query()
 5 SYSTEMPATH/Model.php(450): CodeIgniter\Database\BaseBuilder->update()
 6 SYSTEMPATH/BaseModel.php(1028): CodeIgniter\Model->doUpdate()
 7 SYSTEMPATH/Model.php(854): CodeIgniter\BaseModel->update()
 8 APPPATH/Controllers/Activo.php(285): CodeIgniter\Model->update()
 9 SYSTEMPATH/CodeIgniter.php(933): App\Controllers\Activo->SetCoordenadas()
10 SYSTEMPATH/CodeIgniter.php(509): CodeIgniter\CodeIgniter->runController()
11 SYSTEMPATH/CodeIgniter.php(355): CodeIgniter\CodeIgniter->handleRequest()
12 SYSTEMPATH/Boot.php(312): CodeIgniter\CodeIgniter->run()
13 SYSTEMPATH/Boot.php(67): CodeIgniter\Boot::runCodeIgniter()
14 FCPATH/index.php(56): CodeIgniter\Boot::bootWeb()
INFO - 2024-10-14 18:46:18 --> Session: Class initialized using 'CodeIgniter\Session\Handlers\FileHandler' driver.
ERROR - 2024-10-14 18:46:18 --> mysqli_sql_exception: Unknown column 'depreActual' in 'field list' in /var/www/vhosts/fma.mycloudinfo.com/httpdocs/fma/system/Database/MySQLi/Connection.php:308
Stack trace:
#0 /var/www/vhosts/fma.mycloudinfo.com/httpdocs/fma/system/Database/MySQLi/Connection.php(308): mysqli->query()
#1 /var/www/vhosts/fma.mycloudinfo.com/httpdocs/fma/system/Database/BaseConnection.php(722): CodeIgniter\Database\MySQLi\Connection->execute()
#2 /var/www/vhosts/fma.mycloudinfo.com/httpdocs/fma/system/Database/BaseConnection.php(636): CodeIgniter\Database\BaseConnection->simpleQuery()
#3 /var/www/vhosts/fma.mycloudinfo.com/httpdocs/fma/system/Database/BaseBuilder.php(2497): CodeIgniter\Database\BaseConnection->query()
#4 /var/www/vhosts/fma.mycloudinfo.com/httpdocs/fma/system/Model.php(450): CodeIgniter\Database\BaseBuilder->update()
#5 /var/www/vhosts/fma.mycloudinfo.com/httpdocs/fma/system/BaseModel.php(1028): CodeIgniter\Model->doUpdate()
#6 /var/www/vhosts/fma.mycloudinfo.com/httpdocs/fma/system/Model.php(854): CodeIgniter\BaseModel->update()
#7 /var/www/vhosts/fma.mycloudinfo.com/httpdocs/fma/app/Controllers/Activo.php(285): CodeIgniter\Model->update()
#8 /var/www/vhosts/fma.mycloudinfo.com/httpdocs/fma/system/CodeIgniter.php(933): App\Controllers\Activo->SetCoordenadas()
#9 /var/www/vhosts/fma.mycloudinfo.com/httpdocs/fma/system/CodeIgniter.php(509): CodeIgniter\CodeIgniter->runController()
#10 /var/www/vhosts/fma.mycloudinfo.com/httpdocs/fma/system/CodeIgniter.php(355): CodeIgniter\CodeIgniter->handleRequest()
#11 /var/www/vhosts/fma.mycloudinfo.com/httpdocs/fma/system/Boot.php(312): CodeIgniter\CodeIgniter->run()
#12 /var/www/vhosts/fma.mycloudinfo.com/httpdocs/fma/system/Boot.php(67): CodeIgniter\Boot::runCodeIgniter()
#13 /var/www/vhosts/fma.mycloudinfo.com/httpdocs/fma/public/index.php(56): CodeIgniter\Boot::bootWeb()
#14 {main}
CRITICAL - 2024-10-14 18:46:18 --> CodeIgniter\Database\Exceptions\DatabaseException: Unknown column 'depreActual' in 'field list'
[Method: POST, Route: activos/setGeo]
in SYSTEMPATH/Database/BaseConnection.php on line 676.
 1 SYSTEMPATH/Database/BaseBuilder.php(2497): CodeIgniter\Database\BaseConnection->query()
 2 SYSTEMPATH/Model.php(450): CodeIgniter\Database\BaseBuilder->update()
 3 SYSTEMPATH/BaseModel.php(1028): CodeIgniter\Model->doUpdate()
 4 SYSTEMPATH/Model.php(854): CodeIgniter\BaseModel->update()
 5 APPPATH/Controllers/Activo.php(285): CodeIgniter\Model->update()
 6 SYSTEMPATH/CodeIgniter.php(933): App\Controllers\Activo->SetCoordenadas()
 7 SYSTEMPATH/CodeIgniter.php(509): CodeIgniter\CodeIgniter->runController()
 8 SYSTEMPATH/CodeIgniter.php(355): CodeIgniter\CodeIgniter->handleRequest()
 9 SYSTEMPATH/Boot.php(312): CodeIgniter\CodeIgniter->run()
10 SYSTEMPATH/Boot.php(67): CodeIgniter\Boot::runCodeIgniter()
11 FCPATH/index.php(56): CodeIgniter\Boot::bootWeb()
CRITICAL - 2024-10-14 18:46:18 --> [Caused by] CodeIgniter\Database\Exceptions\DatabaseException: Unknown column 'depreActual' in 'field list'
in SYSTEMPATH/Database/MySQLi/Connection.php on line 313.
 1 SYSTEMPATH/Database/BaseConnection.php(722): CodeIgniter\Database\MySQLi\Connection->execute()
 2 SYSTEMPATH/Database/BaseConnection.php(636): CodeIgniter\Database\BaseConnection->simpleQuery()
 3 SYSTEMPATH/Database/BaseBuilder.php(2497): CodeIgniter\Database\BaseConnection->query()
 4 SYSTEMPATH/Model.php(450): CodeIgniter\Database\BaseBuilder->update()
 5 SYSTEMPATH/BaseModel.php(1028): CodeIgniter\Model->doUpdate()
 6 SYSTEMPATH/Model.php(854): CodeIgniter\BaseModel->update()
 7 APPPATH/Controllers/Activo.php(285): CodeIgniter\Model->update()
 8 SYSTEMPATH/CodeIgniter.php(933): App\Controllers\Activo->SetCoordenadas()
 9 SYSTEMPATH/CodeIgniter.php(509): CodeIgniter\CodeIgniter->runController()
10 SYSTEMPATH/CodeIgniter.php(355): CodeIgniter\CodeIgniter->handleRequest()
11 SYSTEMPATH/Boot.php(312): CodeIgniter\CodeIgniter->run()
12 SYSTEMPATH/Boot.php(67): CodeIgniter\Boot::runCodeIgniter()
13 FCPATH/index.php(56): CodeIgniter\Boot::bootWeb()
CRITICAL - 2024-10-14 18:46:18 --> [Caused by] mysqli_sql_exception: Unknown column 'depreActual' in 'field list'
in SYSTEMPATH/Database/MySQLi/Connection.php on line 308.
 1 SYSTEMPATH/Database/MySQLi/Connection.php(308): mysqli->query()
 2 SYSTEMPATH/Database/BaseConnection.php(722): CodeIgniter\Database\MySQLi\Connection->execute()
 3 SYSTEMPATH/Database/BaseConnection.php(636): CodeIgniter\Database\BaseConnection->simpleQuery()
 4 SYSTEMPATH/Database/BaseBuilder.php(2497): CodeIgniter\Database\BaseConnection->query()
 5 SYSTEMPATH/Model.php(450): CodeIgniter\Database\BaseBuilder->update()
 6 SYSTEMPATH/BaseModel.php(1028): CodeIgniter\Model->doUpdate()
 7 SYSTEMPATH/Model.php(854): CodeIgniter\BaseModel->update()
 8 APPPATH/Controllers/Activo.php(285): CodeIgniter\Model->update()
 9 SYSTEMPATH/CodeIgniter.php(933): App\Controllers\Activo->SetCoordenadas()
10 SYSTEMPATH/CodeIgniter.php(509): CodeIgniter\CodeIgniter->runController()
11 SYSTEMPATH/CodeIgniter.php(355): CodeIgniter\CodeIgniter->handleRequest()
12 SYSTEMPATH/Boot.php(312): CodeIgniter\CodeIgniter->run()
13 SYSTEMPATH/Boot.php(67): CodeIgniter\Boot::runCodeIgniter()
14 FCPATH/index.php(56): CodeIgniter\Boot::bootWeb()
INFO - 2024-10-14 18:46:20 --> Session: Class initialized using 'CodeIgniter\Session\Handlers\FileHandler' driver.
ERROR - 2024-10-14 18:46:20 --> mysqli_sql_exception: Unknown column 'depreActual' in 'field list' in /var/www/vhosts/fma.mycloudinfo.com/httpdocs/fma/system/Database/MySQLi/Connection.php:308
Stack trace:
#0 /var/www/vhosts/fma.mycloudinfo.com/httpdocs/fma/system/Database/MySQLi/Connection.php(308): mysqli->query()
#1 /var/www/vhosts/fma.mycloudinfo.com/httpdocs/fma/system/Database/BaseConnection.php(722): CodeIgniter\Database\MySQLi\Connection->execute()
#2 /var/www/vhosts/fma.mycloudinfo.com/httpdocs/fma/system/Database/BaseConnection.php(636): CodeIgniter\Database\BaseConnection->simpleQuery()
#3 /var/www/vhosts/fma.mycloudinfo.com/httpdocs/fma/system/Database/BaseBuilder.php(2497): CodeIgniter\Database\BaseConnection->query()
#4 /var/www/vhosts/fma.mycloudinfo.com/httpdocs/fma/system/Model.php(450): CodeIgniter\Database\BaseBuilder->update()
#5 /var/www/vhosts/fma.mycloudinfo.com/httpdocs/fma/system/BaseModel.php(1028): CodeIgniter\Model->doUpdate()
#6 /var/www/vhosts/fma.mycloudinfo.com/httpdocs/fma/system/Model.php(854): CodeIgniter\BaseModel->update()
#7 /var/www/vhosts/fma.mycloudinfo.com/httpdocs/fma/app/Controllers/Activo.php(285): CodeIgniter\Model->update()
#8 /var/www/vhosts/fma.mycloudinfo.com/httpdocs/fma/system/CodeIgniter.php(933): App\Controllers\Activo->SetCoordenadas()
#9 /var/www/vhosts/fma.mycloudinfo.com/httpdocs/fma/system/CodeIgniter.php(509): CodeIgniter\CodeIgniter->runController()
#10 /var/www/vhosts/fma.mycloudinfo.com/httpdocs/fma/system/CodeIgniter.php(355): CodeIgniter\CodeIgniter->handleRequest()
#11 /var/www/vhosts/fma.mycloudinfo.com/httpdocs/fma/system/Boot.php(312): CodeIgniter\CodeIgniter->run()
#12 /var/www/vhosts/fma.mycloudinfo.com/httpdocs/fma/system/Boot.php(67): CodeIgniter\Boot::runCodeIgniter()
#13 /var/www/vhosts/fma.mycloudinfo.com/httpdocs/fma/public/index.php(56): CodeIgniter\Boot::bootWeb()
#14 {main}
CRITICAL - 2024-10-14 18:46:20 --> CodeIgniter\Database\Exceptions\DatabaseException: Unknown column 'depreActual' in 'field list'
[Method: POST, Route: activos/setGeo]
in SYSTEMPATH/Database/BaseConnection.php on line 676.
 1 SYSTEMPATH/Database/BaseBuilder.php(2497): CodeIgniter\Database\BaseConnection->query()
 2 SYSTEMPATH/Model.php(450): CodeIgniter\Database\BaseBuilder->update()
 3 SYSTEMPATH/BaseModel.php(1028): CodeIgniter\Model->doUpdate()
 4 SYSTEMPATH/Model.php(854): CodeIgniter\BaseModel->update()
 5 APPPATH/Controllers/Activo.php(285): CodeIgniter\Model->update()
 6 SYSTEMPATH/CodeIgniter.php(933): App\Controllers\Activo->SetCoordenadas()
 7 SYSTEMPATH/CodeIgniter.php(509): CodeIgniter\CodeIgniter->runController()
 8 SYSTEMPATH/CodeIgniter.php(355): CodeIgniter\CodeIgniter->handleRequest()
 9 SYSTEMPATH/Boot.php(312): CodeIgniter\CodeIgniter->run()
10 SYSTEMPATH/Boot.php(67): CodeIgniter\Boot::runCodeIgniter()
11 FCPATH/index.php(56): CodeIgniter\Boot::bootWeb()
CRITICAL - 2024-10-14 18:46:20 --> [Caused by] CodeIgniter\Database\Exceptions\DatabaseException: Unknown column 'depreActual' in 'field list'
in SYSTEMPATH/Database/MySQLi/Connection.php on line 313.
 1 SYSTEMPATH/Database/BaseConnection.php(722): CodeIgniter\Database\MySQLi\Connection->execute()
 2 SYSTEMPATH/Database/BaseConnection.php(636): CodeIgniter\Database\BaseConnection->simpleQuery()
 3 SYSTEMPATH/Database/BaseBuilder.php(2497): CodeIgniter\Database\BaseConnection->query()
 4 SYSTEMPATH/Model.php(450): CodeIgniter\Database\BaseBuilder->update()
 5 SYSTEMPATH/BaseModel.php(1028): CodeIgniter\Model->doUpdate()
 6 SYSTEMPATH/Model.php(854): CodeIgniter\BaseModel->update()
 7 APPPATH/Controllers/Activo.php(285): CodeIgniter\Model->update()
 8 SYSTEMPATH/CodeIgniter.php(933): App\Controllers\Activo->SetCoordenadas()
 9 SYSTEMPATH/CodeIgniter.php(509): CodeIgniter\CodeIgniter->runController()
10 SYSTEMPATH/CodeIgniter.php(355): CodeIgniter\CodeIgniter->handleRequest()
11 SYSTEMPATH/Boot.php(312): CodeIgniter\CodeIgniter->run()
12 SYSTEMPATH/Boot.php(67): CodeIgniter\Boot::runCodeIgniter()
13 FCPATH/index.php(56): CodeIgniter\Boot::bootWeb()
CRITICAL - 2024-10-14 18:46:20 --> [Caused by] mysqli_sql_exception: Unknown column 'depreActual' in 'field list'
in SYSTEMPATH/Database/MySQLi/Connection.php on line 308.
 1 SYSTEMPATH/Database/MySQLi/Connection.php(308): mysqli->query()
 2 SYSTEMPATH/Database/BaseConnection.php(722): CodeIgniter\Database\MySQLi\Connection->execute()
 3 SYSTEMPATH/Database/BaseConnection.php(636): CodeIgniter\Database\BaseConnection->simpleQuery()
 4 SYSTEMPATH/Database/BaseBuilder.php(2497): CodeIgniter\Database\BaseConnection->query()
 5 SYSTEMPATH/Model.php(450): CodeIgniter\Database\BaseBuilder->update()
 6 SYSTEMPATH/BaseModel.php(1028): CodeIgniter\Model->doUpdate()
 7 SYSTEMPATH/Model.php(854): CodeIgniter\BaseModel->update()
 8 APPPATH/Controllers/Activo.php(285): CodeIgniter\Model->update()
 9 SYSTEMPATH/CodeIgniter.php(933): App\Controllers\Activo->SetCoordenadas()
10 SYSTEMPATH/CodeIgniter.php(509): CodeIgniter\CodeIgniter->runController()
11 SYSTEMPATH/CodeIgniter.php(355): CodeIgniter\CodeIgniter->handleRequest()
12 SYSTEMPATH/Boot.php(312): CodeIgniter\CodeIgniter->run()
13 SYSTEMPATH/Boot.php(67): CodeIgniter\Boot::runCodeIgniter()
14 FCPATH/index.php(56): CodeIgniter\Boot::bootWeb()
INFO - 2024-10-14 18:46:25 --> Session: Class initialized using 'CodeIgniter\Session\Handlers\FileHandler' driver.
ERROR - 2024-10-14 18:46:25 --> mysqli_sql_exception: Unknown column 'depreActual' in 'field list' in /var/www/vhosts/fma.mycloudinfo.com/httpdocs/fma/system/Database/MySQLi/Connection.php:308
Stack trace:
#0 /var/www/vhosts/fma.mycloudinfo.com/httpdocs/fma/system/Database/MySQLi/Connection.php(308): mysqli->query()
#1 /var/www/vhosts/fma.mycloudinfo.com/httpdocs/fma/system/Database/BaseConnection.php(722): CodeIgniter\Database\MySQLi\Connection->execute()
#2 /var/www/vhosts/fma.mycloudinfo.com/httpdocs/fma/system/Database/BaseConnection.php(636): CodeIgniter\Database\BaseConnection->simpleQuery()
#3 /var/www/vhosts/fma.mycloudinfo.com/httpdocs/fma/system/Database/BaseBuilder.php(2497): CodeIgniter\Database\BaseConnection->query()
#4 /var/www/vhosts/fma.mycloudinfo.com/httpdocs/fma/system/Model.php(450): CodeIgniter\Database\BaseBuilder->update()
#5 /var/www/vhosts/fma.mycloudinfo.com/httpdocs/fma/system/BaseModel.php(1028): CodeIgniter\Model->doUpdate()
#6 /var/www/vhosts/fma.mycloudinfo.com/httpdocs/fma/system/Model.php(854): CodeIgniter\BaseModel->update()
#7 /var/www/vhosts/fma.mycloudinfo.com/httpdocs/fma/app/Controllers/Activo.php(285): CodeIgniter\Model->update()
#8 /var/www/vhosts/fma.mycloudinfo.com/httpdocs/fma/system/CodeIgniter.php(933): App\Controllers\Activo->SetCoordenadas()
#9 /var/www/vhosts/fma.mycloudinfo.com/httpdocs/fma/system/CodeIgniter.php(509): CodeIgniter\CodeIgniter->runController()
#10 /var/www/vhosts/fma.mycloudinfo.com/httpdocs/fma/system/CodeIgniter.php(355): CodeIgniter\CodeIgniter->handleRequest()
#11 /var/www/vhosts/fma.mycloudinfo.com/httpdocs/fma/system/Boot.php(312): CodeIgniter\CodeIgniter->run()
#12 /var/www/vhosts/fma.mycloudinfo.com/httpdocs/fma/system/Boot.php(67): CodeIgniter\Boot::runCodeIgniter()
#13 /var/www/vhosts/fma.mycloudinfo.com/httpdocs/fma/public/index.php(56): CodeIgniter\Boot::bootWeb()
#14 {main}
CRITICAL - 2024-10-14 18:46:25 --> CodeIgniter\Database\Exceptions\DatabaseException: Unknown column 'depreActual' in 'field list'
[Method: POST, Route: activos/setGeo]
in SYSTEMPATH/Database/BaseConnection.php on line 676.
 1 SYSTEMPATH/Database/BaseBuilder.php(2497): CodeIgniter\Database\BaseConnection->query()
 2 SYSTEMPATH/Model.php(450): CodeIgniter\Database\BaseBuilder->update()
 3 SYSTEMPATH/BaseModel.php(1028): CodeIgniter\Model->doUpdate()
 4 SYSTEMPATH/Model.php(854): CodeIgniter\BaseModel->update()
 5 APPPATH/Controllers/Activo.php(285): CodeIgniter\Model->update()
 6 SYSTEMPATH/CodeIgniter.php(933): App\Controllers\Activo->SetCoordenadas()
 7 SYSTEMPATH/CodeIgniter.php(509): CodeIgniter\CodeIgniter->runController()
 8 SYSTEMPATH/CodeIgniter.php(355): CodeIgniter\CodeIgniter->handleRequest()
 9 SYSTEMPATH/Boot.php(312): CodeIgniter\CodeIgniter->run()
10 SYSTEMPATH/Boot.php(67): CodeIgniter\Boot::runCodeIgniter()
11 FCPATH/index.php(56): CodeIgniter\Boot::bootWeb()
CRITICAL - 2024-10-14 18:46:25 --> [Caused by] CodeIgniter\Database\Exceptions\DatabaseException: Unknown column 'depreActual' in 'field list'
in SYSTEMPATH/Database/MySQLi/Connection.php on line 313.
 1 SYSTEMPATH/Database/BaseConnection.php(722): CodeIgniter\Database\MySQLi\Connection->execute()
 2 SYSTEMPATH/Database/BaseConnection.php(636): CodeIgniter\Database\BaseConnection->simpleQuery()
 3 SYSTEMPATH/Database/BaseBuilder.php(2497): CodeIgniter\Database\BaseConnection->query()
 4 SYSTEMPATH/Model.php(450): CodeIgniter\Database\BaseBuilder->update()
 5 SYSTEMPATH/BaseModel.php(1028): CodeIgniter\Model->doUpdate()
 6 SYSTEMPATH/Model.php(854): CodeIgniter\BaseModel->update()
 7 APPPATH/Controllers/Activo.php(285): CodeIgniter\Model->update()
 8 SYSTEMPATH/CodeIgniter.php(933): App\Controllers\Activo->SetCoordenadas()
 9 SYSTEMPATH/CodeIgniter.php(509): CodeIgniter\CodeIgniter->runController()
10 SYSTEMPATH/CodeIgniter.php(355): CodeIgniter\CodeIgniter->handleRequest()
11 SYSTEMPATH/Boot.php(312): CodeIgniter\CodeIgniter->run()
12 SYSTEMPATH/Boot.php(67): CodeIgniter\Boot::runCodeIgniter()
13 FCPATH/index.php(56): CodeIgniter\Boot::bootWeb()
CRITICAL - 2024-10-14 18:46:25 --> [Caused by] mysqli_sql_exception: Unknown column 'depreActual' in 'field list'
in SYSTEMPATH/Database/MySQLi/Connection.php on line 308.
 1 SYSTEMPATH/Database/MySQLi/Connection.php(308): mysqli->query()
 2 SYSTEMPATH/Database/BaseConnection.php(722): CodeIgniter\Database\MySQLi\Connection->execute()
 3 SYSTEMPATH/Database/BaseConnection.php(636): CodeIgniter\Database\BaseConnection->simpleQuery()
 4 SYSTEMPATH/Database/BaseBuilder.php(2497): CodeIgniter\Database\BaseConnection->query()
 5 SYSTEMPATH/Model.php(450): CodeIgniter\Database\BaseBuilder->update()
 6 SYSTEMPATH/BaseModel.php(1028): CodeIgniter\Model->doUpdate()
 7 SYSTEMPATH/Model.php(854): CodeIgniter\BaseModel->update()
 8 APPPATH/Controllers/Activo.php(285): CodeIgniter\Model->update()
 9 SYSTEMPATH/CodeIgniter.php(933): App\Controllers\Activo->SetCoordenadas()
10 SYSTEMPATH/CodeIgniter.php(509): CodeIgniter\CodeIgniter->runController()
11 SYSTEMPATH/CodeIgniter.php(355): CodeIgniter\CodeIgniter->handleRequest()
12 SYSTEMPATH/Boot.php(312): CodeIgniter\CodeIgniter->run()
13 SYSTEMPATH/Boot.php(67): CodeIgniter\Boot::runCodeIgniter()
14 FCPATH/index.php(56): CodeIgniter\Boot::bootWeb()
